[debug] [2023-08-22T14:04:31.929Z] ----------------------------------------------------------------------
[debug] [2023-08-22T14:04:31.932Z] Command:       C:\Program Files\nodejs\node.exe C:\Program Files\nodejs\node_modules\firebase-tools\lib\bin\firebase.js init
[debug] [2023-08-22T14:04:31.933Z] CLI Version:   12.4.8
[debug] [2023-08-22T14:04:31.935Z] Platform:      win32
[debug] [2023-08-22T14:04:31.935Z] Node Version:  v16.20.0
[debug] [2023-08-22T14:04:31.937Z] Time:          Tue Aug 22 2023 19:34:31 GMT+0530 (India Standard Time)
[debug] [2023-08-22T14:04:31.938Z] ----------------------------------------------------------------------
[debug] 
[debug] [2023-08-22T14:04:32.063Z] > command requires scopes: ["email","openid","https://www.googleapis.com/auth/cloudplatformprojects.readonly","https://www.googleapis.com/auth/firebase","https://www.googleapis.com/auth/cloud-platform"]
[debug] [2023-08-22T14:04:32.063Z] > authorizing via signed-in user (sureshgobi34@gmail.com)
[info] 
     ######## #### ########  ######## ########     ###     ######  ########
     ##        ##  ##     ## ##       ##     ##  ##   ##  ##       ##
     ######    ##  ########  ######   ########  #########  ######  ######
     ##        ##  ##    ##  ##       ##     ## ##     ##       ## ##
     ##       #### ##     ## ######## ########  ##     ##  ######  ########

You're about to initialize a Firebase project in this directory:

  C:\Users\user\Documents\Suresh-Gobi-Portfolio\Suresh-Gobi

Before we get started, keep in mind:

  * You are initializing within an existing Firebase project directory

[info] 
=== Project Setup
[info] 
[info] First, let's associate this project directory with a Firebase project.
[info] You can create multiple project aliases by running firebase use --add, 
[info] but for now we'll just set up a default project.
[info] 
[debug] [2023-08-22T14:04:38.024Z] Using project from CLI flag: portfolio-13e98
[debug] [2023-08-22T14:04:38.027Z] >>> [apiv2][query] GET https://firebase.googleapis.com/v1beta1/projects/portfolio-13e98 [none]
[debug] [2023-08-22T14:04:38.890Z] <<< [apiv2][status] GET https://firebase.googleapis.com/v1beta1/projects/portfolio-13e98 200
[debug] [2023-08-22T14:04:38.890Z] <<< [apiv2][body] GET https://firebase.googleapis.com/v1beta1/projects/portfolio-13e98 {"projectId":"portfolio-13e98","projectNumber":"847959315562","displayName":"Portfolio","name":"projects/portfolio-13e98","resources":{"hostingSite":"portfolio-13e98"},"state":"ACTIVE","etag":"1_6d3624ea-5e6e-42d8-8d48-eaace0297616"}
[info] i  Using project portfolio-13e98 (Portfolio) 
[info] 
=== Hosting Setup
[info] 
[info] Your public directory is the folder (relative to your project directory) that
[info] will contain Hosting assets to be uploaded with firebase deploy. If you
[info] have a build process for your assets, use your build's output directory.
[info] 
